<?xml version="1.0" encoding="UTF-8"?>
<!-- Generated by org.testng.reporters.JUnitReportReporter -->
<testsuite hostname="shajahanspc" failures="0" tests="1" name="com.qa.TN.Testcases.HomepageTest" time="6.926" errors="0" timestamp="2023-12-27T21:29:48 EET" skipped="0">
  <testcase classname="com.qa.TN.Testcases.HomepageTest" name="homepageLinksVerifaction" time="6.926"/>
</testsuite> <!-- com.qa.TN.Testcases.HomepageTest -->
